This is pdfTeX, Version 3.14159265-2.6-1.40.20 (TeX Live 2019/Debian) (preloaded format=pdflatex 2019.6.26)  26 JUN 2019 21:06
entering extended mode
 restricted \write18 enabled.
 file:line:error style messages enabled.
 %&-line parsing enabled.
**"/home/chris/Documents/Discrete Mathematics and its Applications/Book of Proofs/Book of Proofs.tex"
(/home/chris/Documents/Discrete Mathematics and its Applications/Book of Proofs/Book of Proofs.tex
LaTeX2e <2018-12-01>
(/usr/share/texlive/texmf-dist/tex/latex/base/book.cls
Document Class: book 2018/09/03 v1.4i Standard LaTeX document class
(/usr/share/texlive/texmf-dist/tex/latex/base/bk10.clo
File: bk10.clo 2018/09/03 v1.4i Standard LaTeX file (size option)
)
\c@part=\count80
\c@chapter=\count81
\c@section=\count82
\c@subsection=\count83
\c@subsubsection=\count84
\c@paragraph=\count85
\c@subparagraph=\count86
\c@figure=\count87
\c@table=\count88
\abovecaptionskip=\skip41
\belowcaptionskip=\skip42
\bibindent=\dimen102
) (/usr/share/texlive/texmf-dist/tex/latex/base/fontenc.sty
Package: fontenc 2018/08/11 v2.0j Standard LaTeX package
 (/usr/share/texlive/texmf-dist/tex/latex/base/t1enc.def
File: t1enc.def 2018/08/11 v2.0j Standard LaTeX file
LaTeX Font Info:    Redeclaring font encoding T1 on input line 48.
)) (/usr/share/texlive/texmf-dist/tex/latex/amsfonts/amssymb.sty
Package: amssymb 2013/01/14 v3.01 AMS font symbols
 (/usr/share/texlive/texmf-dist/tex/latex/amsfonts/amsfonts.sty
Package: amsfonts 2013/01/14 v3.01 Basic AMSFonts support
\@emptytoks=\toks14
\symAMSa=\mathgroup4
\symAMSb=\mathgroup5
LaTeX Font Info:    Overwriting math alphabet `\mathfrak' in version `bold'
(Font)                  U/euf/m/n --> U/euf/b/n on input line 106.
)) (/usr/share/texlive/texmf-dist/tex/latex/amscls/amsthm.sty
Package: amsthm 2017/10/31 v2.20.4
\thm@style=\toks15
\thm@bodyfont=\toks16
\thm@headfont=\toks17
\thm@notefont=\toks18
\thm@headpunct=\toks19
\thm@preskip=\skip43
\thm@postskip=\skip44
\thm@headsep=\skip45
\dth@everypar=\toks20
) (/usr/share/texlive/texmf-dist/tex/latex/mathtools/mathtools.sty
Package: mathtools 2018/01/08 v1.21 mathematical typesetting tools
 (/usr/share/texlive/texmf-dist/tex/latex/graphics/keyval.sty
Package: keyval 2014/10/28 v1.15 key=value parser (DPC)
\KV@toks@=\toks21
) (/usr/share/texlive/texmf-dist/tex/latex/tools/calc.sty
Package: calc 2017/05/25 v4.3 Infix arithmetic (KKT,FJ)
\calc@Acount=\count89
\calc@Bcount=\count90
\calc@Adimen=\dimen103
\calc@Bdimen=\dimen104
\calc@Askip=\skip46
\calc@Bskip=\skip47
LaTeX Info: Redefining \setlength on input line 80.
LaTeX Info: Redefining \addtolength on input line 81.
\calc@Ccount=\count91
\calc@Cskip=\skip48
) (/usr/share/texlive/texmf-dist/tex/latex/mathtools/mhsetup.sty
Package: mhsetup 2017/03/31 v1.3 programming setup (MH)
) (/usr/share/texlive/texmf-dist/tex/latex/amsmath/amsmath.sty
Package: amsmath 2018/12/01 v2.17b AMS math features
\@mathmargin=\skip49

For additional information on amsmath, use the `?' option.
(/usr/share/texlive/texmf-dist/tex/latex/amsmath/amstext.sty
Package: amstext 2000/06/29 v2.01 AMS text
 (/usr/share/texlive/texmf-dist/tex/latex/amsmath/amsgen.sty
File: amsgen.sty 1999/11/30 v2.0 generic functions
\@emptytoks=\toks22
\ex@=\dimen105
)) (/usr/share/texlive/texmf-dist/tex/latex/amsmath/amsbsy.sty
Package: amsbsy 1999/11/29 v1.2d Bold Symbols
\pmbraise@=\dimen106
) (/usr/share/texlive/texmf-dist/tex/latex/amsmath/amsopn.sty
Package: amsopn 2016/03/08 v2.02 operator names
)
\inf@bad=\count92
LaTeX Info: Redefining \frac on input line 223.
\uproot@=\count93
\leftroot@=\count94
LaTeX Info: Redefining \overline on input line 385.
\classnum@=\count95
\DOTSCASE@=\count96
LaTeX Info: Redefining \ldots on input line 482.
LaTeX Info: Redefining \dots on input line 485.
LaTeX Info: Redefining \cdots on input line 606.
\Mathstrutbox@=\box27
\strutbox@=\box28
\big@size=\dimen107
LaTeX Font Info:    Redeclaring font encoding OML on input line 729.
LaTeX Font Info:    Redeclaring font encoding OMS on input line 730.
\macc@depth=\count97
\c@MaxMatrixCols=\count98
\dotsspace@=\muskip10
\c@parentequation=\count99
\dspbrk@lvl=\count100
\tag@help=\toks23
\row@=\count101
\column@=\count102
\maxfields@=\count103
\andhelp@=\toks24
\eqnshift@=\dimen108
\alignsep@=\dimen109
\tagshift@=\dimen110
\tagwidth@=\dimen111
\totwidth@=\dimen112
\lineht@=\dimen113
\@envbody=\toks25
\multlinegap=\skip50
\multlinetaggap=\skip51
\mathdisplay@stack=\toks26
LaTeX Info: Redefining \[ on input line 2844.
LaTeX Info: Redefining \] on input line 2845.
)
LaTeX Info: Thecontrolsequence`\('isalreadyrobust on input line 129.
LaTeX Info: Thecontrolsequence`\)'isalreadyrobust on input line 129.
LaTeX Info: Thecontrolsequence`\['isalreadyrobust on input line 129.
LaTeX Info: Thecontrolsequence`\]'isalreadyrobust on input line 129.
\g_MT_multlinerow_int=\count104
\l_MT_multwidth_dim=\dimen114
\origjot=\skip52
\l_MT_shortvdotswithinadjustabove_dim=\dimen115
\l_MT_shortvdotswithinadjustbelow_dim=\dimen116
\l_MT_above_intertext_sep=\dimen117
\l_MT_below_intertext_sep=\dimen118
\l_MT_above_shortintertext_sep=\dimen119
\l_MT_below_shortintertext_sep=\dimen120
) (/usr/share/texlive/texmf-dist/tex/latex/algorithms/algorithm.sty
Package: algorithm 2009/08/24 v0.1 Document Style `algorithm' - floating environment
 (/usr/share/texlive/texmf-dist/tex/latex/float/float.sty
Package: float 2001/11/08 v1.3d Float enhancements (AL)
\c@float@type=\count105
\float@exts=\toks27
\float@box=\box29
\@float@everytoks=\toks28
\@floatcapt=\box30
) (/usr/share/texlive/texmf-dist/tex/latex/base/ifthen.sty
Package: ifthen 2014/09/29 v1.1c Standard LaTeX ifthen package (DPC)
)
\@float@every@algorithm=\toks29
\c@algorithm=\count106
) (/usr/share/texlive/texmf-dist/tex/latex/algorithmicx/algpseudocode.sty
Package: algpseudocode 
 (/usr/share/texlive/texmf-dist/tex/latex/algorithmicx/algorithmicx.sty
Package: algorithmicx 2005/04/27 v1.2 Algorithmicx

Document Style algorithmicx 1.2 - a greatly improved `algorithmic' style
\c@ALG@line=\count107
\c@ALG@rem=\count108
\c@ALG@nested=\count109
\ALG@tlm=\skip53
\ALG@thistlm=\skip54
\c@ALG@Lnr=\count110
\c@ALG@blocknr=\count111
\c@ALG@storecount=\count112
\c@ALG@tmpcounter=\count113
\ALG@tmplength=\skip55
)
Document Style - pseudocode environments for use with the `algorithmicx' style
) (/usr/share/texlive/texmf-dist/tex/latex/tools/bm.sty
Package: bm 2017/01/16 v1.2c Bold Symbol Support (DPC/FMi)
\symboldoperators=\mathgroup6
\symboldletters=\mathgroup7
\symboldsymbols=\mathgroup8
LaTeX Font Info:    Redeclaring math alphabet \mathbf on input line 141.
LaTeX Info: Redefining \bm on input line 207.
) (/usr/share/texlive/texmf-dist/tex/latex/xcolor/xcolor.sty
Package: xcolor 2016/05/11 v2.12 LaTeX color extensions (UK)
 (/usr/share/texlive/texmf-dist/tex/latex/graphics-cfg/color.cfg
File: color.cfg 2016/01/02 v1.6 sample color configuration
)
Package xcolor Info: Driver file: pdftex.def on input line 225.
 (/usr/share/texlive/texmf-dist/tex/latex/graphics-def/pdftex.def
File: pdftex.def 2018/01/08 v1.0l Graphics/color driver for pdftex
)
Package xcolor Info: Model `cmy' substituted by `cmy0' on input line 1348.
Package xcolor Info: Model `hsb' substituted by `rgb' on input line 1352.
Package xcolor Info: Model `RGB' extended on input line 1364.
Package xcolor Info: Model `HTML' substituted by `rgb' on input line 1366.
Package xcolor Info: Model `Hsb' substituted by `hsb' on input line 1367.
Package xcolor Info: Model `tHsb' substituted by `hsb' on input line 1368.
Package xcolor Info: Model `HSB' substituted by `hsb' on input line 1369.
Package xcolor Info: Model `Gray' substituted by `gray' on input line 1370.
Package xcolor Info: Model `wave' substituted by `hsb' on input line 1371.
) (/usr/share/texlive/texmf-dist/tex/latex/listings/listings.sty
\lst@mode=\count114
\lst@gtempboxa=\box31
\lst@token=\toks30
\lst@length=\count115
\lst@currlwidth=\dimen121
\lst@column=\count116
\lst@pos=\count117
\lst@lostspace=\dimen122
\lst@width=\dimen123
\lst@newlines=\count118
\lst@lineno=\count119
\lst@maxwidth=\dimen124
 (/usr/share/texlive/texmf-dist/tex/latex/listings/lstmisc.sty
File: lstmisc.sty 2019/02/27 1.8b (Carsten Heinz)
\c@lstnumber=\count120
\lst@skipnumbers=\count121
\lst@framebox=\box32
) (/usr/share/texlive/texmf-dist/tex/latex/listings/listings.cfg
File: listings.cfg 2019/02/27 1.8b listings configuration
))
Package: listings 2019/02/27 1.8b (Carsten Heinz)
 (/usr/share/texlive/texmf-dist/tex/latex/standalone/standalone.sty
Package: standalone 2018/03/26 v1.3a Package to include TeX sub-files with preambles
 (/usr/share/texlive/texmf-dist/tex/latex/tools/shellesc.sty
Package: shellesc 2016/06/07 v0.02a unified shell escape interface for LaTeX
Package shellesc Info: Restricted shell escape enabled on input line 69.
) (/usr/share/texlive/texmf-dist/tex/generic/oberdiek/ifluatex.sty
Package: ifluatex 2016/05/16 v1.4 Provides the ifluatex switch (HO)
Package ifluatex Info: LuaTeX not detected.
) (/usr/share/texlive/texmf-dist/tex/generic/oberdiek/ifpdf.sty
Package: ifpdf 2018/09/07 v3.3 Provides the ifpdf switch
) (/usr/share/texlive/texmf-dist/tex/generic/ifxetex/ifxetex.sty
Package: ifxetex 2010/09/12 v0.6 Provides ifxetex conditional
) (/usr/share/texlive/texmf-dist/tex/latex/xkeyval/xkeyval.sty
Package: xkeyval 2014/12/03 v2.7a package option processing (HA)
 (/usr/share/texlive/texmf-dist/tex/generic/xkeyval/xkeyval.tex (/usr/share/texlive/texmf-dist/tex/generic/xkeyval/xkvutils.tex
\XKV@toks=\toks31
\XKV@tempa@toks=\toks32
)
\XKV@depth=\count122
File: xkeyval.tex 2014/12/03 v2.7a key=value parser (HA)
)) (/usr/share/texlive/texmf-dist/tex/latex/currfile/currfile.sty
Package: currfile 2015/04/23 v0.7c Provides the file path elements of the current input file
 (/usr/share/texlive/texmf-dist/tex/latex/oberdiek/kvoptions.sty
Package: kvoptions 2016/05/16 v3.12 Key value format for package options (HO)
 (/usr/share/texlive/texmf-dist/tex/generic/oberdiek/ltxcmds.sty
Package: ltxcmds 2016/05/16 v1.23 LaTeX kernel commands for general use (HO)
) (/usr/share/texlive/texmf-dist/tex/generic/oberdiek/kvsetkeys.sty
Package: kvsetkeys 2016/05/16 v1.17 Key value parser (HO)
 (/usr/share/texlive/texmf-dist/tex/generic/oberdiek/infwarerr.sty
Package: infwarerr 2016/05/16 v1.4 Providing info/warning/error messages (HO)
) (/usr/share/texlive/texmf-dist/tex/generic/oberdiek/etexcmds.sty
Package: etexcmds 2016/05/16 v1.6 Avoid name clashes with e-TeX commands (HO)
))) (/usr/share/texlive/texmf-dist/tex/latex/filehook/filehook.sty
Package: filehook 2011/10/12 v0.5d Hooks for input files
)
\c@currfiledepth=\count123
) (/usr/share/texlive/texmf-dist/tex/latex/gincltex/gincltex.sty (/usr/share/texlive/texmf-dist/tex/latex/svn-prov/svn-prov.sty
Package: svn-prov 2010/04/24 v3.1862 Package Date/Version from SVN Keywords
)
Package: gincltex 2011/09/04 v0.3 Include external LaTeX files like graphics
 (/usr/share/texlive/texmf-dist/tex/latex/adjustbox/adjustbox.sty
Package: adjustbox 2019/01/04 v1.2 Adjusting TeX boxes (trim, clip, ...)
 (/usr/share/texlive/texmf-dist/tex/latex/adjustbox/adjcalc.sty
Package: adjcalc 2012/05/16 v1.1 Provides advanced setlength with multiple back-ends (calc, etex, pgfmath)
) (/usr/share/texlive/texmf-dist/tex/latex/adjustbox/trimclip.sty
Package: trimclip 2018/04/08 v1.1 Trim and clip general TeX material
 (/usr/share/texlive/texmf-dist/tex/latex/graphics/graphicx.sty
Package: graphicx 2017/06/01 v1.1a Enhanced LaTeX Graphics (DPC,SPQR)
 (/usr/share/texlive/texmf-dist/tex/latex/graphics/graphics.sty
Package: graphics 2017/06/25 v1.2c Standard LaTeX Graphics (DPC,SPQR)
 (/usr/share/texlive/texmf-dist/tex/latex/graphics/trig.sty
Package: trig 2016/01/03 v1.10 sin cos tan (DPC)
) (/usr/share/texlive/texmf-dist/tex/latex/graphics-cfg/graphics.cfg
File: graphics.cfg 2016/06/04 v1.11 sample graphics configuration
)
Package graphics Info: Driver file: pdftex.def on input line 99.
)
\Gin@req@height=\dimen125
\Gin@req@width=\dimen126
) (/usr/share/texlive/texmf-dist/tex/latex/collectbox/collectbox.sty
Package: collectbox 2012/05/17 v0.4b Collect macro arguments as boxes
\collectedbox=\box33
)
\tc@llx=\dimen127
\tc@lly=\dimen128
\tc@urx=\dimen129
\tc@ury=\dimen130
Package trimclip Info: Using driver 'tc-pdftex.def'.
 (/usr/share/texlive/texmf-dist/tex/latex/adjustbox/tc-pdftex.def
File: tc-pdftex.def 2019/01/04 v2.2 Clipping driver for pdftex
))
\adjbox@Width=\dimen131
\adjbox@Height=\dimen132
\adjbox@Depth=\dimen133
\adjbox@Totalheight=\dimen134
\adjbox@pwidth=\dimen135
\adjbox@pheight=\dimen136
\adjbox@pdepth=\dimen137
\adjbox@ptotalheight=\dimen138
 (/usr/share/texlive/texmf-dist/tex/latex/ifoddpage/ifoddpage.sty
Package: ifoddpage 2016/04/23 v1.1 Conditionals for odd/even page detection
\c@checkoddpage=\count124
) (/usr/share/texlive/texmf-dist/tex/latex/varwidth/varwidth.sty
Package: varwidth 2009/03/30 ver 0.92;  Variable-width minipages
\@vwid@box=\box34
\sift@deathcycles=\count125
\@vwid@loff=\dimen139
\@vwid@roff=\dimen140
))
\gincltex@box=\box35
) (/usr/share/texlive/texmf-dist/tex/latex/filemod/filemod-expmin.sty
Package: filemod-expmin 2011/09/19 v1.2 Get and compare file modification times (expandable; minimal)
)) (/usr/share/texlive/texmf-dist/tex/latex/fancyhdr/fancyhdr.sty
Package: fancyhdr 2019/01/31 v3.10 Extensive control of page headers and footers
\f@nch@headwidth=\skip56
\f@nch@O@elh=\skip57
\f@nch@O@erh=\skip58
\f@nch@O@olh=\skip59
\f@nch@O@orh=\skip60
\f@nch@O@elf=\skip61
\f@nch@O@erf=\skip62
\f@nch@O@olf=\skip63
\f@nch@O@orf=\skip64
) (/usr/share/texlive/texmf-dist/tex/latex/truncate/truncate.sty
Package: truncate 2001/08/20  ver 3.6
\@Trunc@RestHyph=\toks33
) (/usr/share/texlive/texmf-dist/tex/latex/oberdiek/bookmark.sty
Package: bookmark 2016/05/17 v1.26 PDF bookmarks (HO)
 (/usr/share/texlive/texmf-dist/tex/generic/oberdiek/pdfescape.sty
Package: pdfescape 2016/05/16 v1.14 Implements pdfTeX's escape features (HO)
 (/usr/share/texlive/texmf-dist/tex/generic/oberdiek/pdftexcmds.sty
Package: pdftexcmds 2018/09/10 v0.29 Utility functions of pdfTeX for LuaTeX (HO)
Package pdftexcmds Info: LuaTeX not detected.
Package pdftexcmds Info: \pdf@primitive is available.
Package pdftexcmds Info: \pdf@ifprimitive is available.
Package pdftexcmds Info: \pdfdraftmode found.
)) (/usr/share/texlive/texmf-dist/tex/generic/oberdiek/ifvtex.sty
Package: ifvtex 2016/05/16 v1.6 Detect VTeX and its facilities (HO)
Package ifvtex Info: VTeX not detected.
) (/usr/share/texlive/texmf-dist/tex/latex/hyperref/hyperref.sty
Package: hyperref 2018/11/30 v6.88e Hypertext links for LaTeX
 (/usr/share/texlive/texmf-dist/tex/generic/oberdiek/hobsub-hyperref.sty
Package: hobsub-hyperref 2016/05/16 v1.14 Bundle oberdiek, subset hyperref (HO)
 (/usr/share/texlive/texmf-dist/tex/generic/oberdiek/hobsub-generic.sty
Package: hobsub-generic 2016/05/16 v1.14 Bundle oberdiek, subset generic (HO)
Package: hobsub 2016/05/16 v1.14 Construct package bundles (HO)
Package hobsub Info: Skipping package `infwarerr' (already loaded).
Package hobsub Info: Skipping package `ltxcmds' (already loaded).
Package hobsub Info: Skipping package `ifluatex' (already loaded).
Package hobsub Info: Skipping package `ifvtex' (already loaded).
Package: intcalc 2016/05/16 v1.2 Expandable calculations with integers (HO)
Package hobsub Info: Skipping package `ifpdf' (already loaded).
Package hobsub Info: Skipping package `etexcmds' (already loaded).
Package hobsub Info: Skipping package `kvsetkeys' (already loaded).
Package: kvdefinekeys 2016/05/16 v1.4 Define keys (HO)
Package hobsub Info: Skipping package `pdftexcmds' (already loaded).
Package hobsub Info: Skipping package `pdfescape' (already loaded).
Package: bigintcalc 2016/05/16 v1.4 Expandable calculations on big integers (HO)
Package: bitset 2016/05/16 v1.2 Handle bit-vector datatype (HO)
Package: uniquecounter 2016/05/16 v1.3 Provide unlimited unique counter (HO)
)
Package hobsub Info: Skipping package `hobsub' (already loaded).
Package: letltxmacro 2016/05/16 v1.5 Let assignment for LaTeX macros (HO)
Package: hopatch 2016/05/16 v1.3 Wrapper for package hooks (HO)
Package: xcolor-patch 2016/05/16 xcolor patch
Package: atveryend 2016/05/16 v1.9 Hooks at the very end of document (HO)
Package atveryend Info: \enddocument detected (standard20110627).
Package: atbegshi 2016/06/09 v1.18 At begin shipout hook (HO)
Package: refcount 2016/05/16 v3.5 Data extraction from label references (HO)
Package: hycolor 2016/05/16 v1.8 Color options for hyperref/bookmark (HO)
) (/usr/share/texlive/texmf-dist/tex/latex/oberdiek/auxhook.sty
Package: auxhook 2016/05/16 v1.4 Hooks for auxiliary files (HO)
)
\@linkdim=\dimen141
\Hy@linkcounter=\count126
\Hy@pagecounter=\count127
 (/usr/share/texlive/texmf-dist/tex/latex/hyperref/pd1enc.def
File: pd1enc.def 2018/11/30 v6.88e Hyperref: PDFDocEncoding definition (HO)
Now handling font encoding PD1 ...
... no UTF-8 mapping file for font encoding PD1
)
\Hy@SavedSpaceFactor=\count128
 (/usr/share/texlive/texmf-dist/tex/latex/latexconfig/hyperref.cfg
File: hyperref.cfg 2002/06/06 v1.2 hyperref configuration of TeXLive
)
Package hyperref Info: Hyper figures OFF on input line 4519.
Package hyperref Info: Link nesting OFF on input line 4524.
Package hyperref Info: Hyper index ON on input line 4527.
Package hyperref Info: Plain pages OFF on input line 4534.
Package hyperref Info: Backreferencing OFF on input line 4539.
Package hyperref Info: Implicit mode ON; LaTeX internals redefined.
Package hyperref Info: Bookmarks ON on input line 4772.
\c@Hy@tempcnt=\count129
 (/usr/share/texlive/texmf-dist/tex/latex/url/url.sty
\Urlmuskip=\muskip11
Package: url 2013/09/16  ver 3.4  Verb mode for urls, etc.
)
LaTeX Info: Redefining \url on input line 5125.
\XeTeXLinkMargin=\dimen142
\Fld@menulength=\count130
\Field@Width=\dimen143
\Fld@charsize=\dimen144
Package hyperref Info: Hyper figures OFF on input line 6380.
Package hyperref Info: Link nesting OFF on input line 6385.
Package hyperref Info: Hyper index ON on input line 6388.
Package hyperref Info: backreferencing OFF on input line 6395.
Package hyperref Info: Link coloring OFF on input line 6400.
Package hyperref Info: Link coloring with OCG OFF on input line 6405.
Package hyperref Info: PDF/A mode OFF on input line 6410.
LaTeX Info: Redefining \ref on input line 6450.
LaTeX Info: Redefining \pageref on input line 6454.
\Hy@abspage=\count131
\c@Item=\count132
\c@Hfootnote=\count133
)
Package hyperref Info: Driver (autodetected): hpdftex.
 (/usr/share/texlive/texmf-dist/tex/latex/hyperref/hpdftex.def
File: hpdftex.def 2018/11/30 v6.88e Hyperref driver for pdfTeX
\Fld@listcount=\count134
\c@bookmark@seq@number=\count135
 (/usr/share/texlive/texmf-dist/tex/latex/oberdiek/rerunfilecheck.sty
Package: rerunfilecheck 2016/05/16 v1.8 Rerun checks for auxiliary files (HO)
Package uniquecounter Info: New unique counter `rerunfilecheck' on input line 282.
)
\Hy@SectionHShift=\skip65
) (/usr/share/texlive/texmf-dist/tex/latex/oberdiek/bkm-pdftex.def
File: bkm-pdftex.def 2016/05/17 v1.26 bookmark driver for pdfTeX (HO)
\BKM@id=\count136
)) (/usr/share/texlive/texmf-dist/tex/latex/titlesec/titlesec.sty
Package: titlesec 2016/03/21 v2.10.2 Sectioning titles
\ttl@box=\box36
\beforetitleunit=\skip66
\aftertitleunit=\skip67
\ttl@plus=\dimen145
\ttl@minus=\dimen146
\ttl@toksa=\toks34
\titlewidth=\dimen147
\titlewidthlast=\dimen148
\titlewidthfirst=\dimen149
) (/usr/share/texlive/texmf-dist/tex/latex/geometry/geometry.sty
Package: geometry 2018/04/16 v5.8 Page Geometry
\Gm@cnth=\count137
\Gm@cntv=\count138
\c@Gm@tempcnt=\count139
\Gm@bindingoffset=\dimen150
\Gm@wd@mp=\dimen151
\Gm@odd@mp=\dimen152
\Gm@even@mp=\dimen153
\Gm@layoutwidth=\dimen154
\Gm@layoutheight=\dimen155
\Gm@layouthoffset=\dimen156
\Gm@layoutvoffset=\dimen157
\Gm@dimlist=\toks35
)
\c@theorem=\count140
Package hyperref Info: Option `bookmarksnumbered' set `true' on input line 81.


LaTeX Warning: Unused global option(s):
    [a5paper12pt].

(/home/chris/Documents/Discrete Mathematics and its Applications/Book of Proofs/Book of Proofs.aux)
\openout1 = `"Book of Proofs.aux"'.

LaTeX Font Info:    Checking defaults for OML/cmm/m/it on input line 93.
LaTeX Font Info:    ... okay on input line 93.
LaTeX Font Info:    Checking defaults for T1/cmr/m/n on input line 93.
LaTeX Font Info:    ... okay on input line 93.
LaTeX Font Info:    Checking defaults for OT1/cmr/m/n on input line 93.
LaTeX Font Info:    ... okay on input line 93.
LaTeX Font Info:    Checking defaults for OMS/cmsy/m/n on input line 93.
LaTeX Font Info:    ... okay on input line 93.
LaTeX Font Info:    Checking defaults for OMX/cmex/m/n on input line 93.
LaTeX Font Info:    ... okay on input line 93.
LaTeX Font Info:    Checking defaults for U/cmr/m/n on input line 93.
LaTeX Font Info:    ... okay on input line 93.
LaTeX Font Info:    Checking defaults for PD1/pdf/m/n on input line 93.
LaTeX Font Info:    ... okay on input line 93.
 (/usr/share/texlive/texmf-dist/tex/context/base/mkii/supp-pdf.mkii
[Loading MPS to PDF converter (version 2006.09.02).]
\scratchcounter=\count141
\scratchdimen=\dimen158
\scratchbox=\box37
\nofMPsegments=\count142
\nofMParguments=\count143
\everyMPshowfont=\toks36
\MPscratchCnt=\count144
\MPscratchDim=\dimen159
\MPnumerator=\count145
\makeMPintoPDFobject=\count146
\everyMPtoPDFconversion=\toks37
) (/usr/share/texlive/texmf-dist/tex/latex/oberdiek/epstopdf-base.sty
Package: epstopdf-base 2016/05/15 v2.6 Base part for package epstopdf
 (/usr/share/texlive/texmf-dist/tex/latex/oberdiek/grfext.sty
Package: grfext 2016/05/16 v1.2 Manage graphics extensions (HO)
)
Package epstopdf-base Info: Redefining graphics rule for `.eps' on input line 438.
Package grfext Info: Graphics extension search list:
(grfext)             [.pdf,.png,.jpg,.mps,.jpeg,.jbig2,.jb2,.PDF,.PNG,.JPG,.JPEG,.JBIG2,.JB2,.eps]
(grfext)             \AppendGraphicsExtensions on input line 456.
 (/usr/share/texlive/texmf-dist/tex/latex/latexconfig/epstopdf-sys.cfg
File: epstopdf-sys.cfg 2010/07/13 v1.3 Configuration of (r)epstopdf for TeX Live
))
\c@lstlisting=\count147
\AtBeginShipoutBox=\box38
Package hyperref Info: Link coloring OFF on input line 93.
 (/usr/share/texlive/texmf-dist/tex/latex/hyperref/nameref.sty
Package: nameref 2016/05/21 v2.44 Cross-referencing by name of section
 (/usr/share/texlive/texmf-dist/tex/generic/oberdiek/gettitlestring.sty
Package: gettitlestring 2016/05/16 v1.5 Cleanup title references (HO)
)
\c@section@level=\count148
)
LaTeX Info: Redefining \ref on input line 93.
LaTeX Info: Redefining \pageref on input line 93.
LaTeX Info: Redefining \nameref on input line 93.

*geometry* driver: auto-detecting
*geometry* detected driver: pdftex
*geometry* verbose mode - [ preamble ] result:
* driver: pdftex
* paper: <default>
* layout: <same size as paper>
* layoutoffset:(h,v)=(0.0pt,0.0pt)
* modes: twoside 
* h-part:(L,W,R)=(108.405pt, 397.485pt, 108.405pt)
* v-part:(T,H,B)=(108.405pt, 578.15999pt, 108.405pt)
* \paperwidth=614.295pt
* \paperheight=794.96999pt
* \textwidth=397.485pt
* \textheight=578.15999pt
* \oddsidemargin=36.13501pt
* \evensidemargin=36.13501pt
* \topmargin=6.06752pt
* \headheight=12.0pt
* \headsep=18.06749pt
* \topskip=10.0pt
* \footskip=25.29494pt
* \marginparwidth=125.0pt
* \marginparsep=7.0pt
* \columnsep=10.0pt
* \skip\footins=9.0pt plus 4.0pt minus 2.0pt
* \hoffset=0.0pt
* \voffset=0.0pt
* \mag=1000
* \@twocolumnfalse
* \@twosidetrue
* \@mparswitchtrue
* \@reversemarginfalse
* (1in=72.27pt=25.4mm, 1cm=28.453pt)

(/home/chris/Documents/Discrete Mathematics and its Applications/Book of Proofs/../resources/LaTeX/title/title.tex
<../resources/jpg/eulers_infinity.png, id=4, 2007.5pt x 1161.33875pt>
File: ../resources/jpg/eulers_infinity.png Graphic file (type png)
<use ../resources/jpg/eulers_infinity.png>
Package pdftex.def Info: ../resources/jpg/eulers_infinity.png  used on input line 12.
(pdftex.def)             Requested size: 56.9055pt x 32.9071pt.


LaTeX Font Warning: Font shape `T1/cmr/bx/sc' in size <24> not available
(Font)              size <24.88> substituted on input line 16.


Overfull \hbox (10.46376pt too wide) in paragraph at lines 16--16
 [][]
 []

[1



{/var/lib/texmf/fonts/map/pdftex/updmap/pdftex.map} <../resources/jpg/eulers_infinity.png>]) [2

] (/home/chris/Documents/Discrete Mathematics and its Applications/Book of Proofs/Book of Proofs.toc
LaTeX Font Info:    Try loading font information for U+msa on input line 2.
 (/usr/share/texlive/texmf-dist/tex/latex/amsfonts/umsa.fd
File: umsa.fd 2013/01/14 v3.01 AMS symbols A
)
LaTeX Font Info:    Try loading font information for U+msb on input line 2.
 (/usr/share/texlive/texmf-dist/tex/latex/amsfonts/umsb.fd
File: umsb.fd 2013/01/14 v3.01 AMS symbols B
))
\tf@toc=\write3
\openout3 = `"Book of Proofs.toc"'.

 [3

] [4

]
Chapter 1.
(/home/chris/Documents/Discrete Mathematics and its Applications/Book of Proofs/../resources/LaTeX/1.6.introduction.to.proofs/1.6.compilation/1.6.compilation.tex (/home/chris/Documents/Discrete Mathematics and its Applications/Book of Proofs/../resources/LaTeX/1.6.introduction.to.proofs/1601/1601.tex)
<../resources/jpg/sep.png, id=101, 2007.5pt x 1161.33875pt>
File: ../resources/jpg/sep.png Graphic file (type png)
<use ../resources/jpg/sep.png>
Package pdftex.def Info: ../resources/jpg/sep.png  used on input line 23.
(pdftex.def)             Requested size: 21.33955pt x 12.33351pt.
 (/home/chris/Documents/Discrete Mathematics and its Applications/Book of Proofs/../resources/LaTeX/1.6.introduction.to.proofs/1602/1602.tex) [1

 <../resources/jpg/sep.png>] (/home/chris/Documents/Discrete Mathematics and its Applications/Book of Proofs/../resources/LaTeX/1.6.introduction.to.proofs/1603/1603.tex)
File: ../resources/jpg/sep.png Graphic file (type png)
<use ../resources/jpg/sep.png>
Package pdftex.def Info: ../resources/jpg/sep.png  used on input line 35.
(pdftex.def)             Requested size: 21.33955pt x 12.33351pt.
 (/home/chris/Documents/Discrete Mathematics and its Applications/Book of Proofs/../resources/LaTeX/1.6.introduction.to.proofs/1604/1604.tex)
<../resources/jpg/1.6.introduction.to.proofs/socrates.jpg, id=116, 1003.75pt x 501.875pt>
File: ../resources/jpg/1.6.introduction.to.proofs/socrates.jpg Graphic file (type jpg)
<use ../resources/jpg/1.6.introduction.to.proofs/socrates.jpg>
Package pdftex.def Info: ../resources/jpg/1.6.introduction.to.proofs/socrates.jpg  used on input line 43.
(pdftex.def)             Requested size: 369.88582pt x 184.94801pt.
 [2 <../resources/jpg/1.6.introduction.to.proofs/socrates.jpg>] (/home/chris/Documents/Discrete Mathematics and its Applications/Book of Proofs/../resources/LaTeX/1.6.introduction.to.proofs/1605/1605.tex)
<../resources/jpg/1.6.introduction.to.proofs/plato-republic.jpg, id=126, 1003.75pt x 669.50125pt>
File: ../resources/jpg/1.6.introduction.to.proofs/plato-republic.jpg Graphic file (type jpg)
<use ../resources/jpg/1.6.introduction.to.proofs/plato-republic.jpg>
Package pdftex.def Info: ../resources/jpg/1.6.introduction.to.proofs/plato-republic.jpg  used on input line 53.
(pdftex.def)             Requested size: 312.9803pt x 208.75891pt.
 (/home/chris/Documents/Discrete Mathematics and its Applications/Book of Proofs/../resources/LaTeX/1.6.introduction.to.proofs/1606/1606.tex) [3 <../resources/jpg/1.6.introduction.to.proofs/plato-republic.jpg>] (/home/chris/Documents/Discrete Mathematics and its Applications/Book of Proofs/../resources/LaTeX/1.6.introduction.to.proofs/1608/1608.tex
Underfull \hbox (badness 10000) in paragraph at lines 21--44

 []


Underfull \hbox (badness 10000) in paragraph at lines 21--44

 []


Underfull \hbox (badness 10000) in paragraph at lines 49--78

 []


Underfull \hbox (badness 10000) in paragraph at lines 49--78

 []

)
File: ../resources/jpg/sep.png Graphic file (type png)
<use ../resources/jpg/sep.png>
Package pdftex.def Info: ../resources/jpg/sep.png  used on input line 66.
(pdftex.def)             Requested size: 21.33955pt x 12.33351pt.
<../resources/jpg/1.6.introduction.to.proofs/know_thyself.jpg, id=134, 965.6075pt x 198.7425pt>
File: ../resources/jpg/1.6.introduction.to.proofs/know_thyself.jpg Graphic file (type jpg)
<use ../resources/jpg/1.6.introduction.to.proofs/know_thyself.jpg>
Package pdftex.def Info: ../resources/jpg/1.6.introduction.to.proofs/know_thyself.jpg  used on input line 69.
(pdftex.def)             Requested size: 369.88582pt x 76.12944pt.
 [4 <../resources/jpg/1.6.introduction.to.proofs/know_thyself.jpg>] (/home/chris/Documents/Discrete Mathematics and its Applications/Book of Proofs/../resources/LaTeX/1.6.introduction.to.proofs/1609/1609.tex)
File: ../resources/jpg/sep.png Graphic file (type png)
<use ../resources/jpg/sep.png>
Package pdftex.def Info: ../resources/jpg/sep.png  used on input line 77.
(pdftex.def)             Requested size: 21.33955pt x 12.33351pt.
 (/home/chris/Documents/Discrete Mathematics and its Applications/Book of Proofs/../resources/LaTeX/1.6.introduction.to.proofs/1610/1610.tex)
File: ../resources/jpg/sep.png Graphic file (type png)
<use ../resources/jpg/sep.png>
Package pdftex.def Info: ../resources/jpg/sep.png  used on input line 83.
(pdftex.def)             Requested size: 21.33955pt x 12.33351pt.
<../resources/jpg/1.6.introduction.to.proofs/pythagoras.png, id=142, 662.475pt x 301.125pt>
File: ../resources/jpg/1.6.introduction.to.proofs/pythagoras.png Graphic file (type png)
<use ../resources/jpg/1.6.introduction.to.proofs/pythagoras.png>
Package pdftex.def Info: ../resources/jpg/1.6.introduction.to.proofs/pythagoras.png  used on input line 86.
(pdftex.def)             Requested size: 369.88582pt x 168.128pt.
 [5 <../resources/jpg/1.6.introduction.to.proofs/pythagoras.png>] (/home/chris/Documents/Discrete Mathematics and its Applications/Book of Proofs/../resources/LaTeX/1.6.introduction.to.proofs/1612/1612.tex
Underfull \hbox (badness 10000) in paragraph at lines 24--30

 []

)
File: ../resources/jpg/sep.png Graphic file (type png)
<use ../resources/jpg/sep.png>
Package pdftex.def Info: ../resources/jpg/sep.png  used on input line 94.
(pdftex.def)             Requested size: 21.33955pt x 12.33351pt.
 (/home/chris/Documents/Discrete Mathematics and its Applications/Book of Proofs/../resources/LaTeX/1.6.introduction.to.proofs/1613/1613.tex) [6]
<../resources/jpg/1.6.introduction.to.proofs/euclid.jpg, id=156, 526.96875pt x 271.0125pt>
File: ../resources/jpg/1.6.introduction.to.proofs/euclid.jpg Graphic file (type jpg)
<use ../resources/jpg/1.6.introduction.to.proofs/euclid.jpg>
Package pdftex.def Info: ../resources/jpg/1.6.introduction.to.proofs/euclid.jpg  used on input line 106.
(pdftex.def)             Requested size: 369.88582pt x 190.23677pt.
 (/home/chris/Documents/Discrete Mathematics and its Applications/Book of Proofs/../resources/LaTeX/1.6.introduction.to.proofs/1614/1614.tex)
File: ../resources/jpg/sep.png Graphic file (type png)
<use ../resources/jpg/sep.png>
Package pdftex.def Info: ../resources/jpg/sep.png  used on input line 110.
(pdftex.def)             Requested size: 21.33955pt x 12.33351pt.
 (/home/chris/Documents/Discrete Mathematics and its Applications/Book of Proofs/../resources/LaTeX/1.6.introduction.to.proofs/1615/1615.tex) [7 <../resources/jpg/1.6.introduction.to.proofs/euclid.jpg>] (/home/chris/Documents/Discrete Mathematics and its Applications/Book of Proofs/../resources/LaTeX/1.6.introduction.to.proofs/1616/1616.tex)
File: ../resources/jpg/sep.png Graphic file (type png)
<use ../resources/jpg/sep.png>
Package pdftex.def Info: ../resources/jpg/sep.png  used on input line 122.
(pdftex.def)             Requested size: 21.33955pt x 12.33351pt.
<../resources/jpg/1.6.introduction.to.proofs/olympics.jpg, id=163, 803.0pt x 602.25pt>
File: ../resources/jpg/1.6.introduction.to.proofs/olympics.jpg Graphic file (type jpg)
<use ../resources/jpg/1.6.introduction.to.proofs/olympics.jpg>
Package pdftex.def Info: ../resources/jpg/1.6.introduction.to.proofs/olympics.jpg  used on input line 125.
(pdftex.def)             Requested size: 170.71652pt x 128.03845pt.
File: ../resources/jpg/sep.png Graphic file (type png)
<use ../resources/jpg/sep.png>
Package pdftex.def Info: ../resources/jpg/sep.png  used on input line 127.
(pdftex.def)             Requested size: 21.33955pt x 12.33351pt.


Package hyperref Warning: Token not allowed in a PDF string (PDFDocEncoding):
(hyperref)                removing `math shift' on input line 131.


Package hyperref Warning: Token not allowed in a PDF string (PDFDocEncoding):
(hyperref)                removing `\zeta' on input line 131.


Package hyperref Warning: Token not allowed in a PDF string (PDFDocEncoding):
(hyperref)                removing `superscript' on input line 131.


Package hyperref Warning: Token not allowed in a PDF string (PDFDocEncoding):
(hyperref)                removing `math shift' on input line 131.

(/home/chris/Documents/Discrete Mathematics and its Applications/Book of Proofs/../resources/LaTeX/1.6.introduction.to.proofs/1617/1617.tex

Package amsmath Warning: Foreign command \atopwithdelims;
(amsmath)                \frac or \genfrac should be used instead
(amsmath)                 on input line 35.

) [8 <../resources/jpg/1.6.introduction.to.proofs/olympics.jpg>]

Package hyperref Warning: Token not allowed in a PDF string (PDFDocEncoding):
(hyperref)                removing `math shift' on input line 138.


Package hyperref Warning: Token not allowed in a PDF string (PDFDocEncoding):
(hyperref)                removing `\gamma' on input line 138.


Package hyperref Warning: Token not allowed in a PDF string (PDFDocEncoding):
(hyperref)                removing `math shift' on input line 138.

(/home/chris/Documents/Discrete Mathematics and its Applications/Book of Proofs/../resources/LaTeX/1.6.introduction.to.proofs/1618/1618.tex)
File: ../resources/jpg/sep.png Graphic file (type png)
<use ../resources/jpg/sep.png>
Package pdftex.def Info: ../resources/jpg/sep.png  used on input line 140.
(pdftex.def)             Requested size: 21.33955pt x 12.33351pt.


Package hyperref Warning: Token not allowed in a PDF string (PDFDocEncoding):
(hyperref)                removing `math shift' on input line 144.


Package hyperref Warning: Token not allowed in a PDF string (PDFDocEncoding):
(hyperref)                removing `\rho' on input line 144.


Package hyperref Warning: Token not allowed in a PDF string (PDFDocEncoding):
(hyperref)                removing `math shift' on input line 144.

(/home/chris/Documents/Discrete Mathematics and its Applications/Book of Proofs/../resources/LaTeX/1.6.introduction.to.proofs/1625/1625.tex) [9]) [10

]
Chapter 2.
(/home/chris/Documents/Discrete Mathematics and its Applications/Book of Proofs/../resources/LaTeX/2.2.set.operations/2.2.compilation/2.2.compilation.tex (/home/chris/Documents/Discrete Mathematics and its Applications/Book of Proofs/../resources/LaTeX/2.2.set.operations/2205/2205.tex) (/home/chris/Documents/Discrete Mathematics and its Applications/Book of Proofs/../resources/LaTeX/2.2.set.operations/2206a/2206a.tex) [11] (/home/chris/Documents/Discrete Mathematics and its Applications/Book of Proofs/../resources/LaTeX/2.2.set.operations/2206b/2206b.tex) (/home/chris/Documents/Discrete Mathematics and its Applications/Book of Proofs/../resources/LaTeX/2.2.set.operations/2207a/2207a.tex) [12] (/home/chris/Documents/Discrete Mathematics and its Applications/Book of Proofs/../resources/LaTeX/2.2.set.operations/2207b/2207b.tex) (/home/chris/Documents/Discrete Mathematics and its Applications/Book of Proofs/../resources/LaTeX/2.2.set.operations/2208a/2208a.tex) (/home/chris/Documents/Discrete Mathematics and its Applications/Book of Proofs/../resources/LaTeX/2.2.set.operations/2208b/2208b.tex) [13] (/home/chris/Documents/Discrete Mathematics and its Applications/Book of Proofs/../resources/LaTeX/2.2.set.operations/2209a/2209a.tex) (/home/chris/Documents/Discrete Mathematics and its Applications/Book of Proofs/../resources/LaTeX/2.2.set.operations/2209b/2209b.tex) [14] (/home/chris/Documents/Discrete Mathematics and its Applications/Book of Proofs/../resources/LaTeX/2.2.set.operations/2210a/2210a.tex) (/home/chris/Documents/Discrete Mathematics and its Applications/Book of Proofs/../resources/LaTeX/2.2.set.operations/2210b/2210b.tex) (/home/chris/Documents/Discrete Mathematics and its Applications/Book of Proofs/../resources/LaTeX/2.2.set.operations/2211a/2211a.tex) [15] (/home/chris/Documents/Discrete Mathematics and its Applications/Book of Proofs/../resources/LaTeX/2.2.set.operations/2211b/2211b.tex) (/home/chris/Documents/Discrete Mathematics and its Applications/Book of Proofs/../resources/LaTeX/2.2.set.operations/2212/2212.tex) (/home/chris/Documents/Discrete Mathematics and its Applications/Book of Proofs/../resources/LaTeX/2.2.set.operations/2213/2213.tex) [16] (/home/chris/Documents/Discrete Mathematics and its Applications/Book of Proofs/../resources/LaTeX/2.2.set.operations/2215/2215.tex) (/home/chris/Documents/Discrete Mathematics and its Applications/Book of Proofs/../resources/LaTeX/2.2.set.operations/2216a/2216a.tex) (/home/chris/Documents/Discrete Mathematics and its Applications/Book of Proofs/../resources/LaTeX/2.2.set.operations/2216b/2216b.tex) [17] (/home/chris/Documents/Discrete Mathematics and its Applications/Book of Proofs/../resources/LaTeX/2.2.set.operations/2216c/2216c.tex) (/home/chris/Documents/Discrete Mathematics and its Applications/Book of Proofs/../resources/LaTeX/2.2.set.operations/2216d/2216d.tex) (/home/chris/Documents/Discrete Mathematics and its Applications/Book of Proofs/../resources/LaTeX/2.2.set.operations/2216e/2216e.tex) [18] (/home/chris/Documents/Discrete Mathematics and its Applications/Book of Proofs/../resources/LaTeX/2.2.set.operations/2217/2217.tex) (/home/chris/Documents/Discrete Mathematics and its Applications/Book of Proofs/../resources/LaTeX/2.2.set.operations/2218a/2218a.tex) (/home/chris/Documents/Discrete Mathematics and its Applications/Book of Proofs/../resources/LaTeX/2.2.set.operations/2218b/2218b.tex) [19] (/home/chris/Documents/Discrete Mathematics and its Applications/Book of Proofs/../resources/LaTeX/2.2.set.operations/2218c/2218c.tex) (/home/chris/Documents/Discrete Mathematics and its Applications/Book of Proofs/../resources/LaTeX/2.2.set.operations/2218d/2218d.tex) [20] (/home/chris/Documents/Discrete Mathematics and its Applications/Book of Proofs/../resources/LaTeX/2.2.set.operations/2218e/2218e.tex) (/home/chris/Documents/Discrete Mathematics and its Applications/Book of Proofs/../resources/LaTeX/2.2.set.operations/2219/2219.tex) (/home/chris/Documents/Discrete Mathematics and its Applications/Book of Proofs/../resources/LaTeX/2.2.set.operations/2237a/2237a.tex) [21] (/home/chris/Documents/Discrete Mathematics and its Applications/Book of Proofs/../resources/LaTeX/2.2.set.operations/2220/2220.tex) (/home/chris/Documents/Discrete Mathematics and its Applications/Book of Proofs/../resources/LaTeX/2.2.set.operations/2221/2221.tex) [22] (/home/chris/Documents/Discrete Mathematics and its Applications/Book of Proofs/../resources/LaTeX/2.2.set.operations/2222/2222.tex) (/home/chris/Documents/Discrete Mathematics and its Applications/Book of Proofs/../resources/LaTeX/2.2.set.operations/2223/2223.tex) (/home/chris/Documents/Discrete Mathematics and its Applications/Book of Proofs/../resources/LaTeX/2.2.set.operations/2231/2231.tex) [23] (/home/chris/Documents/Discrete Mathematics and its Applications/Book of Proofs/../resources/LaTeX/2.2.set.operations/2224/2224.tex) (/home/chris/Documents/Discrete Mathematics and its Applications/Book of Proofs/../resources/LaTeX/2.2.set.operations/2237d/2237d.tex) [24] (/home/chris/Documents/Discrete Mathematics and its Applications/Book of Proofs/../resources/LaTeX/2.2.set.operations/2235/2235.tex) (/home/chris/Documents/Discrete Mathematics and its Applications/Book of Proofs/../resources/LaTeX/2.2.set.operations/2238a/2238a.tex) [25] (/home/chris/Documents/Discrete Mathematics and its Applications/Book of Proofs/../resources/LaTeX/2.2.set.operations/2236/2236.tex) (/home/chris/Documents/Discrete Mathematics and its Applications/Book of Proofs/../resources/LaTeX/2.2.set.operations/2201L/2201L.tex) (/home/chris/Documents/Discrete Mathematics and its Applications/Book of Proofs/../resources/LaTeX/2.2.set.operations/2202L/2202L.tex) [26] (/home/chris/Documents/Discrete Mathematics and its Applications/Book of Proofs/../resources/LaTeX/2.2.set.operations/2203L/2203L.tex) (/home/chris/Documents/Discrete Mathematics and its Applications/Book of Proofs/../resources/LaTeX/2.2.set.operations/2238b/2238b.tex) [27] (/home/chris/Documents/Discrete Mathematics and its Applications/Book of Proofs/../resources/LaTeX/2.2.set.operations/2204L/2204L.tex) (/home/chris/Documents/Discrete Mathematics and its Applications/Book of Proofs/../resources/LaTeX/2.2.set.operations/2205L/2205L.tex) [28] (/home/chris/Documents/Discrete Mathematics and its Applications/Book of Proofs/../resources/LaTeX/2.2.set.operations/2237b/2237b.tex) (/home/chris/Documents/Discrete Mathematics and its Applications/Book of Proofs/../resources/LaTeX/2.2.set.operations/2237c/2237c.tex) (/home/chris/Documents/Discrete Mathematics and its Applications/Book of Proofs/../resources/LaTeX/2.2.set.operations/2241/2241.tex) [29] (/home/chris/Documents/Discrete Mathematics and its Applications/Book of Proofs/../resources/LaTeX/2.2.set.operations/2240/2240.tex) [30])
Chapter 3.
(/home/chris/Documents/Discrete Mathematics and its Applications/Book of Proofs/../resources/LaTeX/2.3.functions/2.3.compilation/2.3.compilation.tex (/home/chris/Documents/Discrete Mathematics and its Applications/Book of Proofs/../resources/LaTeX/2.3.functions/2320/2320.tex) [31

] (/home/chris/Documents/Discrete Mathematics and its Applications/Book of Proofs/../resources/LaTeX/2.3.functions/2321/2321.tex) (/home/chris/Documents/Discrete Mathematics and its Applications/Book of Proofs/../resources/LaTeX/2.3.functions/2324/2324.tex) (/home/chris/Documents/Discrete Mathematics and its Applications/Book of Proofs/../resources/LaTeX/2.3.functions/2325/2325.tex) [32] (/home/chris/Documents/Discrete Mathematics and its Applications/Book of Proofs/../resources/LaTeX/2.3.functions/2329a/2329a.tex) (/home/chris/Documents/Discrete Mathematics and its Applications/Book of Proofs/../resources/LaTeX/2.3.functions/2329b/2329b.tex) [33] (/home/chris/Documents/Discrete Mathematics and its Applications/Book of Proofs/../resources/LaTeX/2.3.functions/2330/2330.tex) (/home/chris/Documents/Discrete Mathematics and its Applications/Book of Proofs/../resources/LaTeX/2.3.functions/2336a/2336a.tex) (/home/chris/Documents/Discrete Mathematics and its Applications/Book of Proofs/../resources/LaTeX/2.3.functions/2368/2368.tex
Underfull \hbox (badness 10000) in paragraph at lines 26--36

 []

) [34] (/home/chris/Documents/Discrete Mathematics and its Applications/Book of Proofs/../resources/LaTeX/2.3.functions/2336b/2336b.tex) (/home/chris/Documents/Discrete Mathematics and its Applications/Book of Proofs/../resources/LaTeX/2.3.functions/2340a/2340a.tex) (/home/chris/Documents/Discrete Mathematics and its Applications/Book of Proofs/../resources/LaTeX/2.3.functions/2340b/2340b.tex) [35] (/home/chris/Documents/Discrete Mathematics and its Applications/Book of Proofs/../resources/LaTeX/2.3.functions/2341/2341.tex) (/home/chris/Documents/Discrete Mathematics and its Applications/Book of Proofs/../resources/LaTeX/2.3.functions/2342/2342.tex
Underfull \hbox (badness 10000) in paragraph at lines 32--40

 []


Underfull \hbox (badness 10000) in paragraph at lines 84--101

 []

) [36] (/home/chris/Documents/Discrete Mathematics and its Applications/Book of Proofs/../resources/LaTeX/2.3.functions/2343/2343.tex
Underfull \hbox (badness 10000) in paragraph at lines 31--43

 []


Underfull \hbox (badness 10000) in paragraph at lines 87--104

 []

) (/home/chris/Documents/Discrete Mathematics and its Applications/Book of Proofs/../resources/LaTeX/2.3.functions/2346/2346.tex) [37] (/home/chris/Documents/Discrete Mathematics and its Applications/Book of Proofs/../resources/LaTeX/2.3.functions/2344/2344.tex
Underfull \hbox (badness 10000) in paragraph at lines 75--91

 []


Underfull \hbox (badness 10000) in paragraph at lines 97--109

 []


Underfull \hbox (badness 10000) in paragraph at lines 125--156

 []

) [38] (/home/chris/Documents/Discrete Mathematics and its Applications/Book of Proofs/../resources/LaTeX/2.3.functions/2345/2345.tex) (/home/chris/Documents/Discrete Mathematics and its Applications/Book of Proofs/../resources/LaTeX/2.3.functions/2347a/2347a.tex
Underfull \hbox (badness 10000) in paragraph at lines 37--47

 []


Underfull \hbox (badness 10000) in paragraph at lines 63--71

 []

) [39] (/home/chris/Documents/Discrete Mathematics and its Applications/Book of Proofs/../resources/LaTeX/2.3.functions/2347b/2347b.tex
Underfull \hbox (badness 10000) in paragraph at lines 38--48

 []


Underfull \hbox (badness 10000) in paragraph at lines 64--72

 []

) (/home/chris/Documents/Discrete Mathematics and its Applications/Book of Proofs/../resources/LaTeX/2.3.functions/2348a/2348a.tex) [40] (/home/chris/Documents/Discrete Mathematics and its Applications/Book of Proofs/../resources/LaTeX/2.3.functions/2348b/2348b.tex) (/home/chris/Documents/Discrete Mathematics and its Applications/Book of Proofs/../resources/LaTeX/2.3.functions/2366/2366.tex
Underfull \hbox (badness 10000) in paragraph at lines 77--93

 []

) [41] (/home/chris/Documents/Discrete Mathematics and its Applications/Book of Proofs/../resources/LaTeX/2.3.functions/2349/2349.tex
Underfull \hbox (badness 10000) in paragraph at lines 34--42

 []


Underfull \hbox (badness 10000) in paragraph at lines 57--73

 []

) (/home/chris/Documents/Discrete Mathematics and its Applications/Book of Proofs/../resources/LaTeX/2.3.functions/2369a/2369a.tex) [42] (/home/chris/Documents/Discrete Mathematics and its Applications/Book of Proofs/../resources/LaTeX/2.3.functions/2350/2350.tex
Underfull \hbox (badness 10000) in paragraph at lines 31--36

 []


Underfull \hbox (badness 10000) in paragraph at lines 52--63

 []


Underfull \hbox (badness 10000) in paragraph at lines 79--99

 []

) (/home/chris/Documents/Discrete Mathematics and its Applications/Book of Proofs/../resources/LaTeX/2.3.functions/2370a/2370a.tex) [43] (/home/chris/Documents/Discrete Mathematics and its Applications/Book of Proofs/../resources/LaTeX/2.3.functions/2367a/2367a.tex
Underfull \hbox (badness 10000) in paragraph at lines 35--45

 []


Underfull \hbox (badness 10000) in paragraph at lines 57--75

 []

) (/home/chris/Documents/Discrete Mathematics and its Applications/Book of Proofs/../resources/LaTeX/2.3.functions/2301L/2301L.tex) [44] (/home/chris/Documents/Discrete Mathematics and its Applications/Book of Proofs/../resources/LaTeX/2.3.functions/2367b/2367b.tex
Underfull \hbox (badness 10000) in paragraph at lines 39--49

 []


Underfull \hbox (badness 10000) in paragraph at lines 67--84

 []


Underfull \hbox (badness 10000) in paragraph at lines 88--96

 []


Underfull \hbox (badness 10000) in paragraph at lines 114--120

 []

) [45] (/home/chris/Documents/Discrete Mathematics and its Applications/Book of Proofs/../resources/LaTeX/2.3.functions/2367c/2367c.tex
Underfull \hbox (badness 10000) in paragraph at lines 30--39

 []


Underfull \hbox (badness 10000) in paragraph at lines 57--69

 []

) (/home/chris/Documents/Discrete Mathematics and its Applications/Book of Proofs/../resources/LaTeX/2.3.functions/2302L/2302L.tex) [46] (/home/chris/Documents/Discrete Mathematics and its Applications/Book of Proofs/../resources/LaTeX/2.3.functions/2367d/2367d.tex
Underfull \hbox (badness 10000) in paragraph at lines 37--43

 []


Underfull \hbox (badness 10000) in paragraph at lines 87--95

 []

) [47] (/home/chris/Documents/Discrete Mathematics and its Applications/Book of Proofs/../resources/LaTeX/2.3.functions/2369c/2369c.tex
Underfull \hbox (badness 10000) in paragraph at lines 33--41

 []


Underfull \hbox (badness 10000) in paragraph at lines 132--145

 []

) [48] (/home/chris/Documents/Discrete Mathematics and its Applications/Book of Proofs/../resources/LaTeX/2.3.functions/2370c/2370c.tex
Underfull \hbox (badness 10000) in paragraph at lines 48--58

 []


Underfull \hbox (badness 10000) in paragraph at lines 104--113

 []

) (/home/chris/Documents/Discrete Mathematics and its Applications/Book of Proofs/../resources/LaTeX/2.3.functions/2304L/2304L.tex) [49] (/home/chris/Documents/Discrete Mathematics and its Applications/Book of Proofs/../resources/LaTeX/2.3.functions/2370e/2370e.tex
Underfull \hbox (badness 10000) in paragraph at lines 120--138

 []

) [50] (/home/chris/Documents/Discrete Mathematics and its Applications/Book of Proofs/../resources/LaTeX/2.3.functions/2371a/2371a.tex) [51] (/home/chris/Documents/Discrete Mathematics and its Applications/Book of Proofs/../resources/LaTeX/2.3.functions/2371b/2371b.tex) [52] (/home/chris/Documents/Discrete Mathematics and its Applications/Book of Proofs/../resources/LaTeX/2.3.functions/2372/2372.tex
Underfull \hbox (badness 10000) in paragraph at lines 53--91

 []


Underfull \hbox (badness 10000) in paragraph at lines 53--91

 []


Underfull \hbox (badness 10000) in paragraph at lines 53--91

 []


Underfull \hbox (badness 10000) in paragraph at lines 53--91

 []


Underfull \hbox (badness 10000) in paragraph at lines 126--137

 []

[53]
Underfull \hbox (badness 10000) in paragraph at lines 205--218

 []


Underfull \hbox (badness 10000) in paragraph at lines 286--294

 []

) [54])
Chapter 4.
(/home/chris/Documents/Discrete Mathematics and its Applications/Book of Proofs/../resources/LaTeX/2.4.sequences.and.summations/2.4.compilation/2.4.compilation.tex (/home/chris/Documents/Discrete Mathematics and its Applications/Book of Proofs/../resources/LaTeX/2.4.sequences.and.summations/2419/2419.tex) (/home/chris/Documents/Discrete Mathematics and its Applications/Book of Proofs/../resources/LaTeX/2.4.sequences.and.summations/2436/2436.tex) [55

] (/home/chris/Documents/Discrete Mathematics and its Applications/Book of Proofs/../resources/LaTeX/2.4.sequences.and.summations/2403L/2403L.tex) (/home/chris/Documents/Discrete Mathematics and its Applications/Book of Proofs/../resources/LaTeX/2.4.sequences.and.summations/2420/2420.tex) [56] (/home/chris/Documents/Discrete Mathematics and its Applications/Book of Proofs/../resources/LaTeX/2.4.sequences.and.summations/2421a/2421a.tex) (/home/chris/Documents/Discrete Mathematics and its Applications/Book of Proofs/../resources/LaTeX/2.4.sequences.and.summations/2437/2437.tex) (/home/chris/Documents/Discrete Mathematics and its Applications/Book of Proofs/../resources/LaTeX/2.4.sequences.and.summations/2438/2438.tex) [57] (/home/chris/Documents/Discrete Mathematics and its Applications/Book of Proofs/../resources/LaTeX/2.4.sequences.and.summations/2421b/2421b.tex) [58] (/home/chris/Documents/Discrete Mathematics and its Applications/Book of Proofs/../resources/LaTeX/2.4.sequences.and.summations/2401L/2401L.tex) (/home/chris/Documents/Discrete Mathematics and its Applications/Book of Proofs/../resources/LaTeX/2.4.sequences.and.summations/2404L/2404L.tex) [59] (/home/chris/Documents/Discrete Mathematics and its Applications/Book of Proofs/../resources/LaTeX/2.4.sequences.and.summations/2422/2422.tex) [60] (/home/chris/Documents/Discrete Mathematics and its Applications/Book of Proofs/../resources/LaTeX/2.4.sequences.and.summations/2402L/2402L.tex) [61] (/home/chris/Documents/Discrete Mathematics and its Applications/Book of Proofs/../resources/LaTeX/2.4.sequences.and.summations/2405L/2405L.tex) [62] (/home/chris/Documents/Discrete Mathematics and its Applications/Book of Proofs/../resources/LaTeX/2.4.sequences.and.summations/2425/2425.tex) [63] (/home/chris/Documents/Discrete Mathematics and its Applications/Book of Proofs/../resources/LaTeX/2.4.sequences.and.summations/2426/2426.tex) [64] (/home/chris/Documents/Discrete Mathematics and its Applications/Book of Proofs/../resources/LaTeX/2.4.sequences.and.summations/2440/2440.tex
Underfull \hbox (badness 10000) in paragraph at lines 20--48

 []


Underfull \hbox (badness 10000) in paragraph at lines 20--48

 []


Underfull \hbox (badness 10000) in paragraph at lines 55--72

 []

) (/home/chris/Documents/Discrete Mathematics and its Applications/Book of Proofs/../resources/LaTeX/2.4.sequences.and.summations/2443/2443.tex) [65] (/home/chris/Documents/Discrete Mathematics and its Applications/Book of Proofs/../resources/LaTeX/2.4.sequences.and.summations/2441/2441.tex) (/home/chris/Documents/Discrete Mathematics and its Applications/Book of Proofs/../resources/LaTeX/2.4.sequences.and.summations/2442/2442.tex) [66])
Chapter 5.
(/home/chris/Documents/Discrete Mathematics and its Applications/Book of Proofs/../resources/LaTeX/3.1.algorithms/3.1.compilation/3.1.compilation.tex
Package hyperref Info: bookmark level for unknown algorithm defaults to 0 on input line 62.
 (/home/chris/Documents/Discrete Mathematics and its Applications/Book of Proofs/../resources/LaTeX/3.1.algorithms/3103/3103.tex) (/usr/share/texlive/texmf-dist/tex/latex/listings/lstlang1.sty
File: lstlang1.sty 2019/02/27 1.8b listings language file
)
LaTeX Font Info:    Try loading font information for T1+cmtt on input line 68.
 (/usr/share/texlive/texmf-dist/tex/latex/base/t1cmtt.fd
File: t1cmtt.fd 2014/09/29 v2.5h Standard LaTeX font definitions
) (/home/chris/Documents/Discrete Mathematics and its Applications/Book of Proofs/../resources/Python/3.1.algorithms/3103.py) (/usr/share/texlive/texmf-dist/tex/latex/listings/lstlang1.sty
File: lstlang1.sty 2019/02/27 1.8b listings language file
) (/home/chris/Documents/Discrete Mathematics and its Applications/Book of Proofs/../resources/Java/3.1.algorithms/j3103.java) [67

] (/home/chris/Documents/Discrete Mathematics and its Applications/Book of Proofs/../resources/LaTeX/3.1.algorithms/3104/3104.tex) (/home/chris/Documents/Discrete Mathematics and its Applications/Book of Proofs/../resources/Python/3.1.algorithms/3104.py) (/home/chris/Documents/Discrete Mathematics and its Applications/Book of Proofs/../resources/Java/3.1.algorithms/j3104.java) [68] (/home/chris/Documents/Discrete Mathematics and its Applications/Book of Proofs/../resources/LaTeX/3.1.algorithms/3105/3105.tex) (/home/chris/Documents/Discrete Mathematics and its Applications/Book of Proofs/../resources/Python/3.1.algorithms/3105.py) (/home/chris/Documents/Discrete Mathematics and its Applications/Book of Proofs/../resources/Java/3.1.algorithms/j3105.java) [69] (/home/chris/Documents/Discrete Mathematics and its Applications/Book of Proofs/../resources/LaTeX/3.1.algorithms/3106/3106.tex) (/home/chris/Documents/Discrete Mathematics and its Applications/Book of Proofs/../resources/Python/3.1.algorithms/3106.py) (/home/chris/Documents/Discrete Mathematics and its Applications/Book of Proofs/../resources/Java/3.1.algorithms/j3106.java) [70] (/home/chris/Documents/Discrete Mathematics and its Applications/Book of Proofs/../resources/LaTeX/3.1.algorithms/3107/3107.tex) (/home/chris/Documents/Discrete Mathematics and its Applications/Book of Proofs/../resources/Python/3.1.algorithms/3107.py) (/home/chris/Documents/Discrete Mathematics and its Applications/Book of Proofs/../resources/Java/3.1.algorithms/j3107.java) [71] (/home/chris/Documents/Discrete Mathematics and its Applications/Book of Proofs/../resources/LaTeX/3.1.algorithms/3108/3108.tex) (/home/chris/Documents/Discrete Mathematics and its Applications/Book of Proofs/../resources/Python/3.1.algorithms/3108.py) (/home/chris/Documents/Discrete Mathematics and its Applications/Book of Proofs/../resources/Java/3.1.algorithms/j3108.java) [72] (/home/chris/Documents/Discrete Mathematics and its Applications/Book of Proofs/../resources/LaTeX/3.1.algorithms/3109/3109.tex) (/home/chris/Documents/Discrete Mathematics and its Applications/Book of Proofs/../resources/Python/3.1.algorithms/3109.py) (/home/chris/Documents/Discrete Mathematics and its Applications/Book of Proofs/../resources/Java/3.1.algorithms/j3109.java) [73]

Package hyperref Warning: Token not allowed in a PDF string (PDFDocEncoding):
(hyperref)                removing `math shift' on input line 211.


Package hyperref Warning: Token not allowed in a PDF string (PDFDocEncoding):
(hyperref)                removing `\beta' on input line 211.


Package hyperref Warning: Token not allowed in a PDF string (PDFDocEncoding):
(hyperref)                removing `superscript' on input line 211.


Package hyperref Warning: Token not allowed in a PDF string (PDFDocEncoding):
(hyperref)                removing `\lambda' on input line 211.


Package hyperref Warning: Token not allowed in a PDF string (PDFDocEncoding):
(hyperref)                removing `math shift' on input line 211.

(/home/chris/Documents/Discrete Mathematics and its Applications/Book of Proofs/../resources/LaTeX/3.1.algorithms/3110/3110.tex) (/home/chris/Documents/Discrete Mathematics and its Applications/Book of Proofs/../resources/Python/3.1.algorithms/3110.py) (/home/chris/Documents/Discrete Mathematics and its Applications/Book of Proofs/../resources/Java/3.1.algorithms/j3110.java)

Package Fancyhdr Warning: \headheight is too small (12.0pt): 
Make it at least 12.09006pt.
We now make it that large for the rest of the document.
This may cause the page layout to be inconsistent, however.

[74]

Package hyperref Warning: Token not allowed in a PDF string (PDFDocEncoding):
(hyperref)                removing `math shift' on input line 234.


Package hyperref Warning: Token not allowed in a PDF string (PDFDocEncoding):
(hyperref)                removing `\lambda' on input line 234.


Package hyperref Warning: Token not allowed in a PDF string (PDFDocEncoding):
(hyperref)                removing `math shift' on input line 234.


Package hyperref Warning: Token not allowed in a PDF string (PDFDocEncoding):
(hyperref)                removing `math shift' on input line 234.


Package hyperref Warning: Token not allowed in a PDF string (PDFDocEncoding):
(hyperref)                removing `\iota' on input line 234.


Package hyperref Warning: Token not allowed in a PDF string (PDFDocEncoding):
(hyperref)                removing `math shift' on input line 234.

(/home/chris/Documents/Discrete Mathematics and its Applications/Book of Proofs/../resources/LaTeX/3.1.algorithms/3111/3111.tex) (/home/chris/Documents/Discrete Mathematics and its Applications/Book of Proofs/../resources/Python/3.1.algorithms/3111.py) (/home/chris/Documents/Discrete Mathematics and its Applications/Book of Proofs/../resources/Java/3.1.algorithms/j3111.java) [75] (/home/chris/Documents/Discrete Mathematics and its Applications/Book of Proofs/../resources/LaTeX/3.1.algorithms/3115/3115.tex) (/home/chris/Documents/Discrete Mathematics and its Applications/Book of Proofs/../resources/Python/3.1.algorithms/3115.py) [76] (/home/chris/Documents/Discrete Mathematics and its Applications/Book of Proofs/../resources/Java/3.1.algorithms/j3115.java)) [77]
Package atveryend Info: Empty hook `BeforeClearDocument' on input line 148.
Package atveryend Info: Empty hook `AfterLastShipout' on input line 148.
 (/home/chris/Documents/Discrete Mathematics and its Applications/Book of Proofs/Book of Proofs.aux)
Package atveryend Info: Executing hook `AtVeryEndDocument' on input line 148.
Package atveryend Info: Empty hook `AtEndAfterFileList' on input line 148.


LaTeX Font Warning: Size substitutions with differences
(Font)              up to 0.88pt have occurred.

Package atveryend Info: Empty hook `AtVeryVeryEnd' on input line 148.
 ) 
Here is how much of TeX's memory you used:
 13489 strings out of 492609
 252136 string characters out of 6131462
 488738 words of memory out of 5000000
 16031 multiletter control sequences out of 15000+600000
 28550 words of font info for 65 fonts, out of 8000000 for 9000
 1141 hyphenation exceptions out of 8191
 66i,15n,77p,488b,1545s stack positions out of 5000i,500n,10000p,200000b,80000s
{/usr/share/texmf/fonts/enc/dvips/cm-super/cm-super-t1.enc}</usr/share/texlive/texmf-dist/fonts/type1/public/amsfonts/cm/cmbsy10.pfb></usr/share/texlive/texmf-dist/fonts/type1/public/amsfonts/cmextra/cmbsy7.pfb></usr/share/texlive/texmf-dist/fonts/type1/public/amsfonts/cm/cmbx10.pfb></usr/share/texlive/texmf-dist/fonts/type1/public/amsfonts/cm/cmbx12.pfb></usr/share/texlive/texmf-dist/fonts/type1/public/amsfonts/cm/cmbx5.pfb></usr/share/texlive/texmf-dist/fonts/type1/public/amsfonts/cm/cmbx7.pfb></usr/share/texlive/texmf-dist/fonts/type1/public/amsfonts/cm/cmex10.pfb></usr/share/texlive/texmf-dist/fonts/type1/public/amsfonts/cm/cmmi10.pfb></usr/share/texlive/texmf-dist/fonts/type1/public/amsfonts/cm/cmmi5.pfb></usr/share/texlive/texmf-dist/fonts/type1/public/amsfonts/cm/cmmi7.pfb></usr/share/texlive/texmf-dist/fonts/type1/public/amsfonts/cm/cmmib10.pfb></usr/share/texlive/texmf-dist/fonts/type1/public/amsfonts/cmextra/cmmib7.pfb></usr/share/texlive/texmf-dist/fonts/type1/public/amsfonts/cm/cmr10.pfb></usr/share/texlive/texmf-dist/fonts/type1/public/amsfonts/cm/cmr5.pfb></usr/share/texlive/texmf-dist/fonts/type1/public/amsfonts/cm/cmr7.pfb></usr/share/texlive/texmf-dist/fonts/type1/public/amsfonts/cm/cmsy10.pfb></usr/share/texlive/texmf-dist/fonts/type1/public/amsfonts/cm/cmsy5.pfb></usr/share/texlive/texmf-dist/fonts/type1/public/amsfonts/cm/cmsy7.pfb></usr/share/texlive/texmf-dist/fonts/type1/public/amsfonts/symbols/msam10.pfb></usr/share/texlive/texmf-dist/fonts/type1/public/amsfonts/symbols/msbm10.pfb></usr/share/texlive/texmf-dist/fonts/type1/public/amsfonts/symbols/msbm7.pfb></usr/share/texmf/fonts/type1/public/cm-super/sfbi1000.pfb></usr/share/texmf/fonts/type1/public/cm-super/sfbx1000.pfb></usr/share/texmf/fonts/type1/public/cm-super/sfbx1440.pfb></usr/share/texmf/fonts/type1/public/cm-super/sfbx2074.pfb></usr/share/texmf/fonts/type1/public/cm-super/sfbx2488.pfb></usr/share/texmf/fonts/type1/public/cm-super/sfcc1000.pfb></usr/share/texmf/fonts/type1/public/cm-super/sfcc1200.pfb></usr/share/texmf/fonts/type1/public/cm-super/sfcc1728.pfb></usr/share/texmf/fonts/type1/public/cm-super/sfrm0900.pfb></usr/share/texmf/fonts/type1/public/cm-super/sfrm1000.pfb></usr/share/texmf/fonts/type1/public/cm-super/sfti1000.pfb></usr/share/texmf/fonts/type1/public/cm-super/sftt1000.pfb></usr/share/texmf/fonts/type1/public/cm-super/sfxc2488.pfb>
Output written on "/home/chris/Documents/Discrete Mathematics and its Applications/Book of Proofs/Book of Proofs.pdf" (81 pages, 1678453 bytes).
PDF statistics:
 997 PDF objects out of 1000 (max. 8388607)
 860 compressed objects within 9 object streams
 363 named destinations out of 1000 (max. 500000)
 313 words of extra memory for PDF output out of 10000 (max. 10000000)

